<?xml version="1.0" encoding="UTF-8"?>
<!-- Generated by org.testng.reporters.JUnitReportReporter -->
<testsuite hostname="DESKTOP-N1PK06F" failures="0" tests="1" name="apiTestingAssessment.TC003_verifyUserPostRequest" time="6.574" errors="0" timestamp="2022-08-15T08:52:58 CST" skipped="0">
  <testcase classname="apiTestingAssessment.TC003_verifyUserPostRequest" name="verifyUserPostRequest" time="6.574"/>
  <system-out/>
</testsuite> <!-- apiTestingAssessment.TC003_verifyUserPostRequest -->
