<?xml version="1.0" encoding="UTF-8"?>
<!-- Generated by org.testng.reporters.JUnitReportReporter -->
<testsuite hostname="DESKTOP-N1PK06F" failures="0" tests="1" name="TestAssurity.TechExam" time="11.010" errors="0" timestamp="2022-07-20T23:20:22 CST" skipped="0">
  <testcase classname="TestAssurity.TechExam" name="Test_1" time="11.010"/>
  <system-out/>
</testsuite> <!-- TestAssurity.TechExam -->
