<?xml version="1.0" encoding="UTF-8"?>
<!-- Generated by org.testng.reporters.JUnitReportReporter -->
<testsuite hostname="DESKTOP-N1PK06F" failures="0" tests="1" name="apiTestingAssessment.TC002_getUserNamebyID" time="3.810" errors="0" timestamp="2022-08-15T07:59:02 CST" skipped="0">
  <testcase classname="apiTestingAssessment.TC002_getUserNamebyID" name="getUserNamebyID" time="3.810"/>
  <system-out/>
</testsuite> <!-- apiTestingAssessment.TC002_getUserNamebyID -->
