<?xml version="1.0" encoding="UTF-8"?>
<!-- Generated by org.testng.reporters.JUnitReportReporter -->
<testsuite hostname="DESKTOP-N1PK06F" failures="0" tests="1" name="apiTestingAssessment.TC1_verifyNumberofUsers" time="4.143" errors="0" timestamp="2022-08-15T06:13:44 CST" skipped="0">
  <testcase classname="apiTestingAssessment.TC1_verifyNumberofUsers" name="verifyNumberofUsers" time="4.143"/>
  <system-out/>
</testsuite> <!-- apiTestingAssessment.TC1_verifyNumberofUsers -->
